<?xml version="1.0" encoding="UTF-8"?>
<testsuite xmlns:xsi="http://www.w3.org/2001/XMLSchema-instance" xsi:noNamespaceSchemaLocation="https://maven.apache.org/surefire/maven-surefire-plugin/xsd/surefire-test-report-3.0.xsd" version="3.0" name="PublicEdgeCasesTest" time="0.105" tests="19" errors="1" skipped="0" failures="0">
  <properties>
[...]
</properties>
  <testcase name="addObstacle_twice_isIdempotent_obstacleCountDoesNotDouble" classname="PublicEdgeCasesTest" time="0.003"/>
  <testcase name="transferUnit_requiresIdle_and_destinationHasSpace" classname="PublicEdgeCasesTest" time="0.006"/>
  <testcase name="removeObstacle_outOfBounds_throws_andStateUnchanged" classname="PublicEdgeCasesTest" time="0.005"/>
  <testcase name="cancelIncident_onlyAllowedReportedOrDispatched" classname="PublicEdgeCasesTest" time="0.005"/>
  <testcase name="addStation_blankName_throws_andStateUnchanged" classname="PublicEdgeCasesTest" time="0.004"/>
  <testcase name="reportIncident_invalidSeverity_throws_andStateUnchanged" classname="PublicEdgeCasesTest" time="0.003"/>
  <testcase name="escalateIncident_notAllowedResolvedOrCancelled" classname="PublicEdgeCasesTest" time="0.002"/>
  <testcase name="decommissionUnit_busy_enRoute_orAtScene_throws_andStateUnchanged" classname="PublicEdgeCasesTest" time="0.003"/>
  <testcase name="removeObstacle_twice_isIdempotent_obstacleCountDoesNotGoNegative" classname="PublicEdgeCasesTest" time="0.016">
    <error message="No obstacles to remove" type="java.lang.IllegalStateException"><![CDATA[java.lang.IllegalStateException: No obstacles to remove
	at cityrescue.CityRescueImpl.removeObstacle(CityRescueImpl.java:229)
	at PublicEdgeCasesTest.removeObstacle_twice_isIdempotent_obstacleCountDoesNotGoNegative(PublicEdgeCasesTest.java:60)
	at java.base/java.lang.reflect.Method.invoke(Method.java:565)
	at java.base/java.util.ArrayList.forEach(ArrayList.java:1604)
	at java.base/java.util.ArrayList.forEach(ArrayList.java:1604)
]]></error>
  </testcase>
  <testcase name="reportIncident_onBlockedCell_throws_andStateUnchanged" classname="PublicEdgeCasesTest" time="0.002"/>
  <testcase name="cancelIncident_releasedUnitBecomesIdle_andStaysWhereItIs" classname="PublicEdgeCasesTest" time="0.002"/>
  <testcase name="outOfServiceUnit_isNotEligibleForDispatch" classname="PublicEdgeCasesTest" time="0.002"/>
  <testcase name="addUnit_unknownStation_throws_andStateUnchanged" classname="PublicEdgeCasesTest" time="0.003"/>
  <testcase name="addStation_onBlockedCell_throws_andStateUnchanged" classname="PublicEdgeCasesTest" time="0.002"/>
  <testcase name="setUnitOutOfService_onlyAllowedWhenIdle" classname="PublicEdgeCasesTest" time="0.002"/>
  <testcase name="initialise_invalidDimensions_throws" classname="PublicEdgeCasesTest" time="0.003"/>
  <testcase name="removeStation_withUnits_throws_andStateUnchanged" classname="PublicEdgeCasesTest" time="0.003"/>
  <testcase name="idsAreNeverReused_afterRemoval" classname="PublicEdgeCasesTest" time="0.002"/>
  <testcase name="setStationCapacity_smallerThanUnitCount_throws_andStateUnchanged" classname="PublicEdgeCasesTest" time="0.002"/>
</testsuite>